[2026-04-21T05:07:12.734Z] [sync] last known msg_id=178, known posts=151
[2026-04-21T05:07:14.238Z] [sync] scanned 106 msgs, 0 new
[2026-04-21T05:07:14.238Z] [sync] no new posts
[33m[2026-04-21T06:15:02.585] [INFO] - [Running gramJS version 2.26.21][0m
[2026-04-21T06:15:03.351Z] [sync] last known msg_id=178, known posts=151
[2026-04-21T06:15:03.351Z] [sync] last known msg_id=178, known posts=151
[2026-04-21T06:15:04.669Z] [sync] scanned 106 msgs, 0 new
[2026-04-21T06:15:04.669Z] [sync] scanned 106 msgs, 0 new
[2026-04-21T06:15:04.670Z] [sync] no new posts
[2026-04-21T06:15:04.670Z] [sync] no new posts
[33m[2026-04-21T12:15:02.624] [INFO] - [Running gramJS version 2.26.21][0m
[2026-04-21T12:15:03.458Z] [sync] last known msg_id=178, known posts=151
[2026-04-21T12:15:03.458Z] [sync] last known msg_id=178, known posts=151
[2026-04-21T12:15:04.875Z] [sync] scanned 107 msgs, 1 new
[2026-04-21T12:15:04.875Z] [sync] scanned 107 msgs, 1 new
[2026-04-21T12:15:04.878Z] [library] updated: now 152 posts
[2026-04-21T12:15:04.878Z] [library] updated: now 152 posts
[2026-04-21T12:15:05.096Z] [announced] msg 179: Готовые Skills - это кубики для твоих собственных скиллов
[2026-04-21T12:15:05.096Z] [announced] msg 179: Готовые Skills - это кубики для твоих собственных скиллов
[33m[2026-04-22T00:15:02.138] [INFO] - [Running gramJS version 2.26.21][0m
[2026-04-22T00:15:03.144Z] [sync] last known msg_id=179, known posts=152
[2026-04-22T00:15:03.144Z] [sync] last known msg_id=179, known posts=152
[2026-04-22T00:15:04.344Z] [sync] scanned 107 msgs, 0 new
[2026-04-22T00:15:04.344Z] [sync] scanned 107 msgs, 0 new
[2026-04-22T00:15:04.344Z] [sync] no new posts
[2026-04-22T00:15:04.344Z] [sync] no new posts
[33m[2026-04-22T06:15:02.243] [INFO] - [Running gramJS version 2.26.21][0m
[2026-04-22T06:15:03.241Z] [sync] last known msg_id=179, known posts=152
[2026-04-22T06:15:03.241Z] [sync] last known msg_id=179, known posts=152
[2026-04-22T06:15:04.477Z] [sync] scanned 107 msgs, 0 new
[2026-04-22T06:15:04.477Z] [sync] scanned 107 msgs, 0 new
[2026-04-22T06:15:04.477Z] [sync] no new posts
[2026-04-22T06:15:04.477Z] [sync] no new posts
[33m[2026-04-22T12:15:01.871] [INFO] - [Running gramJS version 2.26.21][0m
[2026-04-22T12:15:02.888Z] [sync] last known msg_id=179, known posts=152
[2026-04-22T12:15:02.888Z] [sync] last known msg_id=179, known posts=152
[2026-04-22T12:15:04.162Z] [sync] scanned 107 msgs, 0 new
[2026-04-22T12:15:04.162Z] [sync] scanned 107 msgs, 0 new
[2026-04-22T12:15:04.162Z] [sync] no new posts
[2026-04-22T12:15:04.162Z] [sync] no new posts
[33m[2026-04-22T18:15:01.733] [INFO] - [Running gramJS version 2.26.21][0m
[2026-04-22T18:15:02.787Z] [sync] last known msg_id=179, known posts=152
[2026-04-22T18:15:02.787Z] [sync] last known msg_id=179, known posts=152
[2026-04-22T18:15:04.242Z] [sync] scanned 107 msgs, 0 new
[2026-04-22T18:15:04.242Z] [sync] scanned 107 msgs, 0 new
[2026-04-22T18:15:04.242Z] [sync] no new posts
[2026-04-22T18:15:04.242Z] [sync] no new posts
[33m[2026-04-23T00:15:01.748] [INFO] - [Running gramJS version 2.26.21][0m
[2026-04-23T00:15:02.752Z] [sync] last known msg_id=179, known posts=152
[2026-04-23T00:15:02.752Z] [sync] last known msg_id=179, known posts=152
[2026-04-23T00:15:03.928Z] [sync] scanned 107 msgs, 0 new
[2026-04-23T00:15:03.928Z] [sync] scanned 107 msgs, 0 new
[2026-04-23T00:15:03.928Z] [sync] no new posts
[2026-04-23T00:15:03.928Z] [sync] no new posts
[33m[2026-04-23T06:15:02.082] [INFO] - [Running gramJS version 2.26.21][0m
[2026-04-23T06:15:03.073Z] [sync] last known msg_id=179, known posts=152
[2026-04-23T06:15:03.073Z] [sync] last known msg_id=179, known posts=152
[2026-04-23T06:15:04.460Z] [sync] scanned 107 msgs, 0 new
[2026-04-23T06:15:04.460Z] [sync] scanned 107 msgs, 0 new
[2026-04-23T06:15:04.460Z] [sync] no new posts
[2026-04-23T06:15:04.460Z] [sync] no new posts
[33m[2026-04-23T12:15:01.975] [INFO] - [Running gramJS version 2.26.21][0m
[2026-04-23T12:15:03.001Z] [sync] last known msg_id=179, known posts=152
[2026-04-23T12:15:03.001Z] [sync] last known msg_id=179, known posts=152
[2026-04-23T12:15:04.589Z] [sync] scanned 107 msgs, 0 new
[2026-04-23T12:15:04.589Z] [sync] scanned 107 msgs, 0 new
[2026-04-23T12:15:04.589Z] [sync] no new posts
[2026-04-23T12:15:04.589Z] [sync] no new posts
[33m[2026-04-24T00:15:02.430] [INFO] - [Running gramJS version 2.26.21][0m
[2026-04-24T00:15:03.248Z] [sync] last known msg_id=179, known posts=152
[2026-04-24T00:15:03.248Z] [sync] last known msg_id=179, known posts=152
[2026-04-24T00:15:04.455Z] [sync] scanned 107 msgs, 0 new
[2026-04-24T00:15:04.455Z] [sync] scanned 107 msgs, 0 new
[2026-04-24T00:15:04.455Z] [sync] no new posts
[2026-04-24T00:15:04.455Z] [sync] no new posts
[33m[2026-04-24T06:15:02.091] [INFO] - [Running gramJS version 2.26.21][0m
[2026-04-24T06:15:03.239Z] [sync] last known msg_id=179, known posts=152
[2026-04-24T06:15:03.239Z] [sync] last known msg_id=179, known posts=152
[2026-04-24T06:15:04.504Z] [sync] scanned 107 msgs, 0 new
[2026-04-24T06:15:04.504Z] [sync] scanned 107 msgs, 0 new
[2026-04-24T06:15:04.505Z] [sync] no new posts
[2026-04-24T06:15:04.505Z] [sync] no new posts
